<?xml version="1.0" encoding="UTF-8"?>
<testng-results ignored="0" total="3" passed="3" failed="0" skipped="0">
  <reporter-output>
  </reporter-output>
  <suite started-at="2021-08-14T00:30:03Z" name="Suite1" finished-at="2021-08-14T00:30:07Z" duration-ms="3825">
    <groups>
    </groups>
    <test started-at="2021-08-14T00:30:03Z" name="Test1" finished-at="2021-08-14T00:30:07Z" duration-ms="3825">
      <class name="testModel1.SignInTestCase">
        <test-method is-config="true" signature="browsersetup()[pri:0, instance:testModel1.SignInTestCase@2cf3d63b]" started-at="2021-08-13T20:30:01Z" name="browsersetup" finished-at="2021-08-13T20:30:03Z" duration-ms="2560" status="PASS">
          <reporter-output>
          </reporter-output>
        </test-method> <!-- browsersetup -->
        <test-method signature="SignUpPage_appears()[pri:0, instance:testModel1.SignInTestCase@2cf3d63b]" started-at="2021-08-13T20:30:03Z" name="SignUpPage_appears" finished-at="2021-08-13T20:30:04Z" duration-ms="914" status="PASS">
          <reporter-output>
          </reporter-output>
        </test-method> <!-- SignUpPage_appears -->
        <test-method signature="SignUpPage_appears()[pri:0, instance:testModel1.SignInTestCase@2cf3d63b]" started-at="2021-08-13T20:30:04Z" name="SignUpPage_appears" finished-at="2021-08-13T20:30:05Z" duration-ms="1109" status="PASS">
          <reporter-output>
          </reporter-output>
        </test-method> <!-- SignUpPage_appears -->
        <test-method signature="SignUpPage_appears()[pri:0, instance:testModel1.SignInTestCase@2cf3d63b]" started-at="2021-08-13T20:30:05Z" name="SignUpPage_appears" finished-at="2021-08-13T20:30:07Z" duration-ms="1793" status="PASS">
          <reporter-output>
          </reporter-output>
        </test-method> <!-- SignUpPage_appears -->
        <test-method is-config="true" signature="endoftest()[pri:0, instance:testModel1.SignInTestCase@2cf3d63b]" started-at="2021-08-13T20:30:07Z" name="endoftest" finished-at="2021-08-13T20:30:07Z" duration-ms="119" status="PASS">
          <reporter-output>
          </reporter-output>
        </test-method> <!-- endoftest -->
      </class> <!-- testModel1.SignInTestCase -->
    </test> <!-- Test1 -->
  </suite> <!-- Suite1 -->
</testng-results>
