<?xml version="1.0" encoding="UTF-8"?>
<testng-results ignored="0" total="3" passed="3" failed="0" skipped="0">
  <reporter-output>
  </reporter-output>
  <suite started-at="2021-08-12T21:19:01 EDT" name="Default suite" finished-at="2021-08-12T21:19:06 EDT" duration-ms="4872">
    <groups>
    </groups>
    <test started-at="2021-08-12T21:19:01 EDT" name="Default test" finished-at="2021-08-12T21:19:06 EDT" duration-ms="4872">
      <class name="testModel1.SignInTestCase">
        <test-method is-config="true" signature="browsersetup()[pri:0, instance:testModel1.SignInTestCase@441772e]" started-at="2021-08-12T21:18:58 EDT" name="browsersetup" finished-at="2021-08-12T21:19:01 EDT" duration-ms="3501" status="PASS">
          <reporter-output>
          </reporter-output>
        </test-method> <!-- browsersetup -->
        <test-method signature="SignUpPage_appears()[pri:0, instance:testModel1.SignInTestCase@441772e]" started-at="2021-08-12T21:19:01 EDT" name="SignUpPage_appears" finished-at="2021-08-12T21:19:03 EDT" duration-ms="1509" status="PASS">
          <reporter-output>
          </reporter-output>
        </test-method> <!-- SignUpPage_appears -->
        <test-method signature="SignUpPage_appears()[pri:0, instance:testModel1.SignInTestCase@441772e]" started-at="2021-08-12T21:19:03 EDT" name="SignUpPage_appears" finished-at="2021-08-12T21:19:05 EDT" duration-ms="1828" status="PASS">
          <reporter-output>
          </reporter-output>
        </test-method> <!-- SignUpPage_appears -->
        <test-method signature="SignUpPage_appears()[pri:0, instance:testModel1.SignInTestCase@441772e]" started-at="2021-08-12T21:19:05 EDT" name="SignUpPage_appears" finished-at="2021-08-12T21:19:06 EDT" duration-ms="1490" status="PASS">
          <reporter-output>
          </reporter-output>
        </test-method> <!-- SignUpPage_appears -->
        <test-method is-config="true" signature="endoftest()[pri:0, instance:testModel1.SignInTestCase@441772e]" started-at="2021-08-12T21:19:06 EDT" name="endoftest" finished-at="2021-08-12T21:19:06 EDT" duration-ms="170" status="PASS">
          <reporter-output>
          </reporter-output>
        </test-method> <!-- endoftest -->
      </class> <!-- testModel1.SignInTestCase -->
    </test> <!-- Default test -->
  </suite> <!-- Default suite -->
</testng-results>
