<?xml version="1.0" encoding="UTF-8"?>
<!-- Generated by org.testng.reporters.JUnitXMLReporter -->
<testsuite ignored="0" hostname="LAPTOP-DFUCNCIC" failures="0" tests="3" name="Test1" time="10.787" errors="0" timestamp="2021-08-12T20:37:29 EDT">
  <testcase classname="testModel1.SignInTestCase" name="SignUpPage_appears" time="3.334"/>
  <testcase classname="testModel1.SignInTestCase" name="SignUpPage_appears" time="2.519"/>
  <testcase classname="testModel1.SignInTestCase" name="SignUpPage_appears" time="3.118"/>
</testsuite> <!-- Test1 -->
