<?xml version="1.0" encoding="UTF-8"?>
<!-- Generated by org.testng.reporters.JUnitXMLReporter -->
<testsuite ignored="0" hostname="LAPTOP-DFUCNCIC" failures="0" tests="3" name="Default test" time="4.872" errors="0" timestamp="2021-08-12T21:19:06 EDT">
  <testcase classname="testModel1.SignInTestCase" name="SignUpPage_appears" time="1.509"/>
  <testcase classname="testModel1.SignInTestCase" name="SignUpPage_appears" time="1.828"/>
  <testcase classname="testModel1.SignInTestCase" name="SignUpPage_appears" time="1.49"/>
</testsuite> <!-- Default test -->
