<?xml version="1.0" encoding="UTF-8"?>
<!-- Generated by org.testng.reporters.JUnitXMLReporter -->
<testsuite ignored="0" hostname="LAPTOP-DFUCNCIC" failures="0" tests="3" name="Test1" time="3.825" errors="0" timestamp="14 Aug 2021 00:30:07 GMT">
  <testcase classname="testModel1.SignInTestCase" name="SignUpPage_appears" time="0.914"/>
  <testcase classname="testModel1.SignInTestCase" name="SignUpPage_appears" time="1.109"/>
  <testcase classname="testModel1.SignInTestCase" name="SignUpPage_appears" time="1.793"/>
</testsuite> <!-- Test1 -->
